This file contains any messages produced by compilers while
running configure, to aid debugging if configure makes a mistake.

It was created by configure, which was
generated by GNU Autoconf 2.59.  Invocation command line was

  $ ./configure 

## --------- ##
## Platform. ##
## --------- ##

hostname = Merlin
uname -m = i686
uname -r = 2.6.35-gentoo-r5
uname -s = Linux
uname -v = #1 SMP PREEMPT Sun Sep 12 16:57:36 BST 2010

/usr/bin/uname -p = Intel(R) Pentium(R) D CPU 2.80GHz
/bin/uname -X     = unknown

/bin/arch              = unknown
/usr/bin/arch -k       = unknown
/usr/convex/getsysinfo = unknown
hostinfo               = unknown
/bin/machine           = unknown
/usr/bin/oslevel       = unknown
/bin/universe          = unknown

PATH: /usr/local/bin
PATH: /usr/bin
PATH: /bin
PATH: /opt/bin
PATH: /usr/i686-pc-linux-gnu/gcc-bin/4.1.1
PATH: /usr/i686-pc-linux-gnu/gcc-bin/4.4.4
PATH: /opt/sun-jdk-1.4.2.16/bin
PATH: /opt/sun-jdk-1.4.2.16/jre/bin
PATH: /opt/sun-jdk-1.4.2.16/jre/javaws
PATH: /usr/lib/subversion/bin
PATH: /usr/games/bin


## ----------- ##
## Core tests. ##
## ----------- ##

configure:1555: checking for a BSD-compatible install
configure:1610: result: /usr/bin/install -c
configure:1621: checking whether build environment is sane
configure:1664: result: yes
configure:1729: checking for gawk
configure:1745: found /usr/bin/gawk
configure:1755: result: gawk
configure:1765: checking whether make sets $(MAKE)
configure:1785: result: yes
configure:1955: checking whether to enable maintainer-specific portions of Makefiles
configure:1964: result: no
configure:1992: checking for style of include used by make
configure:2020: result: GNU
configure:2091: checking for gcc
configure:2107: found /usr/bin/gcc
configure:2117: result: gcc
configure:2361: checking for C compiler version
configure:2364: gcc --version </dev/null >&5
gcc (Gentoo 4.4.4-r2 p1.2, pie-0.4.5) 4.4.4
Copyright (C) 2010 Free Software Foundation, Inc.
This is free software; see the source for copying conditions.  There is NO
warranty; not even for MERCHANTABILITY or FITNESS FOR A PARTICULAR PURPOSE.

configure:2367: $? = 0
configure:2369: gcc -v </dev/null >&5
Using built-in specs.
Target: i686-pc-linux-gnu
Configured with: /var/tmp/portage/sys-devel/gcc-4.4.4-r2/work/gcc-4.4.4/configure --prefix=/usr --bindir=/usr/i686-pc-linux-gnu/gcc-bin/4.4.4 --includedir=/usr/lib/gcc/i686-pc-linux-gnu/4.4.4/include --datadir=/usr/share/gcc-data/i686-pc-linux-gnu/4.4.4 --mandir=/usr/share/gcc-data/i686-pc-linux-gnu/4.4.4/man --infodir=/usr/share/gcc-data/i686-pc-linux-gnu/4.4.4/info --with-gxx-include-dir=/usr/lib/gcc/i686-pc-linux-gnu/4.4.4/include/g++-v4 --host=i686-pc-linux-gnu --build=i686-pc-linux-gnu --disable-altivec --disable-fixed-point --without-ppl --without-cloog --enable-nls --without-included-gettext --with-system-zlib --disable-werror --enable-secureplt --disable-multilib --enable-libmudflap --disable-libssp --enable-libgomp --enable-cld --with-python-dir=/share/gcc-data/i686-pc-linux-gnu/4.4.4/python --enable-checking=release --disable-libgcj --with-arch=i686 --enable-languages=c,c++,fortran --enable-shared --enable-threads=posix --enable-__cxa_atexit --enable-clocale=gnu --with-bugurl=http://bugs.gentoo.org/ --with-pkgversion='Gentoo 4.4.4-r2 p1.2, pie-0.4.5'
Thread model: posix
gcc version 4.4.4 (Gentoo 4.4.4-r2 p1.2, pie-0.4.5) 
configure:2372: $? = 0
configure:2374: gcc -V </dev/null >&5
gcc: '-V' option must have argument
configure:2377: $? = 1
configure:2400: checking for C compiler default output file name
configure:2403: gcc    conftest.c  >&5
configure:2406: $? = 0
configure:2452: result: a.out
configure:2457: checking whether the C compiler works
configure:2463: ./a.out
configure:2466: $? = 0
configure:2483: result: yes
configure:2490: checking whether we are cross compiling
configure:2492: result: no
configure:2495: checking for suffix of executables
configure:2497: gcc -o conftest    conftest.c  >&5
configure:2500: $? = 0
configure:2525: result: 
configure:2531: checking for suffix of object files
configure:2552: gcc -c   conftest.c >&5
configure:2555: $? = 0
configure:2577: result: o
configure:2581: checking whether we are using the GNU C compiler
configure:2605: gcc -c   conftest.c >&5
configure:2611: $? = 0
configure:2615: test -z 
			 || test ! -s conftest.err
configure:2618: $? = 0
configure:2621: test -s conftest.o
configure:2624: $? = 0
configure:2637: result: yes
configure:2643: checking whether gcc accepts -g
configure:2664: gcc -c -g  conftest.c >&5
configure:2670: $? = 0
configure:2674: test -z 
			 || test ! -s conftest.err
configure:2677: $? = 0
configure:2680: test -s conftest.o
configure:2683: $? = 0
configure:2694: result: yes
configure:2711: checking for gcc option to accept ANSI C
configure:2781: gcc  -c -g -O2  conftest.c >&5
configure:2787: $? = 0
configure:2791: test -z 
			 || test ! -s conftest.err
configure:2794: $? = 0
configure:2797: test -s conftest.o
configure:2800: $? = 0
configure:2818: result: none needed
configure:2836: gcc -c -g -O2  conftest.c >&5
conftest.c:2: error: expected '=', ',', ';', 'asm' or '__attribute__' before 'me'
configure:2842: $? = 1
configure: failed program was:
| #ifndef __cplusplus
|   choke me
| #endif
configure:2977: checking dependency style of gcc
configure:3067: result: gcc3
configure:3085: checking for library containing strerror
configure:3115: gcc -o conftest -g -O2   conftest.c  >&5
configure:3121: $? = 0
configure:3125: test -z 
			 || test ! -s conftest.err
configure:3128: $? = 0
configure:3131: test -s conftest
configure:3134: $? = 0
configure:3204: result: none required
configure:3257: checking for gcc
configure:3283: result: gcc
configure:3527: checking for C compiler version
configure:3530: gcc --version </dev/null >&5
gcc (Gentoo 4.4.4-r2 p1.2, pie-0.4.5) 4.4.4
Copyright (C) 2010 Free Software Foundation, Inc.
This is free software; see the source for copying conditions.  There is NO
warranty; not even for MERCHANTABILITY or FITNESS FOR A PARTICULAR PURPOSE.

configure:3533: $? = 0
configure:3535: gcc -v </dev/null >&5
Using built-in specs.
Target: i686-pc-linux-gnu
Configured with: /var/tmp/portage/sys-devel/gcc-4.4.4-r2/work/gcc-4.4.4/configure --prefix=/usr --bindir=/usr/i686-pc-linux-gnu/gcc-bin/4.4.4 --includedir=/usr/lib/gcc/i686-pc-linux-gnu/4.4.4/include --datadir=/usr/share/gcc-data/i686-pc-linux-gnu/4.4.4 --mandir=/usr/share/gcc-data/i686-pc-linux-gnu/4.4.4/man --infodir=/usr/share/gcc-data/i686-pc-linux-gnu/4.4.4/info --with-gxx-include-dir=/usr/lib/gcc/i686-pc-linux-gnu/4.4.4/include/g++-v4 --host=i686-pc-linux-gnu --build=i686-pc-linux-gnu --disable-altivec --disable-fixed-point --without-ppl --without-cloog --enable-nls --without-included-gettext --with-system-zlib --disable-werror --enable-secureplt --disable-multilib --enable-libmudflap --disable-libssp --enable-libgomp --enable-cld --with-python-dir=/share/gcc-data/i686-pc-linux-gnu/4.4.4/python --enable-checking=release --disable-libgcj --with-arch=i686 --enable-languages=c,c++,fortran --enable-shared --enable-threads=posix --enable-__cxa_atexit --enable-clocale=gnu --with-bugurl=http://bugs.gentoo.org/ --with-pkgversion='Gentoo 4.4.4-r2 p1.2, pie-0.4.5'
Thread model: posix
gcc version 4.4.4 (Gentoo 4.4.4-r2 p1.2, pie-0.4.5) 
configure:3538: $? = 0
configure:3540: gcc -V </dev/null >&5
gcc: '-V' option must have argument
configure:3543: $? = 1
configure:3546: checking whether we are using the GNU C compiler
configure:3602: result: yes
configure:3608: checking whether gcc accepts -g
configure:3659: result: yes
configure:3676: checking for gcc option to accept ANSI C
configure:3783: result: none needed
configure:3801: gcc -c -g -O2  conftest.c >&5
conftest.c:2: error: expected '=', ',', ';', 'asm' or '__attribute__' before 'me'
configure:3807: $? = 1
configure: failed program was:
| #ifndef __cplusplus
|   choke me
| #endif
configure:3942: checking dependency style of gcc
configure:4032: result: gcc3
configure:4095: checking for gcc
configure:4121: result: gcc
configure:4365: checking for C compiler version
configure:4368: gcc --version </dev/null >&5
gcc (Gentoo 4.4.4-r2 p1.2, pie-0.4.5) 4.4.4
Copyright (C) 2010 Free Software Foundation, Inc.
This is free software; see the source for copying conditions.  There is NO
warranty; not even for MERCHANTABILITY or FITNESS FOR A PARTICULAR PURPOSE.

configure:4371: $? = 0
configure:4373: gcc -v </dev/null >&5
Using built-in specs.
Target: i686-pc-linux-gnu
Configured with: /var/tmp/portage/sys-devel/gcc-4.4.4-r2/work/gcc-4.4.4/configure --prefix=/usr --bindir=/usr/i686-pc-linux-gnu/gcc-bin/4.4.4 --includedir=/usr/lib/gcc/i686-pc-linux-gnu/4.4.4/include --datadir=/usr/share/gcc-data/i686-pc-linux-gnu/4.4.4 --mandir=/usr/share/gcc-data/i686-pc-linux-gnu/4.4.4/man --infodir=/usr/share/gcc-data/i686-pc-linux-gnu/4.4.4/info --with-gxx-include-dir=/usr/lib/gcc/i686-pc-linux-gnu/4.4.4/include/g++-v4 --host=i686-pc-linux-gnu --build=i686-pc-linux-gnu --disable-altivec --disable-fixed-point --without-ppl --without-cloog --enable-nls --without-included-gettext --with-system-zlib --disable-werror --enable-secureplt --disable-multilib --enable-libmudflap --disable-libssp --enable-libgomp --enable-cld --with-python-dir=/share/gcc-data/i686-pc-linux-gnu/4.4.4/python --enable-checking=release --disable-libgcj --with-arch=i686 --enable-languages=c,c++,fortran --enable-shared --enable-threads=posix --enable-__cxa_atexit --enable-clocale=gnu --with-bugurl=http://bugs.gentoo.org/ --with-pkgversion='Gentoo 4.4.4-r2 p1.2, pie-0.4.5'
Thread model: posix
gcc version 4.4.4 (Gentoo 4.4.4-r2 p1.2, pie-0.4.5) 
configure:4376: $? = 0
configure:4378: gcc -V </dev/null >&5
gcc: '-V' option must have argument
configure:4381: $? = 1
configure:4384: checking whether we are using the GNU C compiler
configure:4440: result: yes
configure:4446: checking whether gcc accepts -g
configure:4497: result: yes
configure:4514: checking for gcc option to accept ANSI C
configure:4621: result: none needed
configure:4639: gcc -c -g -O2  conftest.c >&5
conftest.c:2: error: expected '=', ',', ';', 'asm' or '__attribute__' before 'me'
configure:4645: $? = 1
configure: failed program was:
| #ifndef __cplusplus
|   choke me
| #endif
configure:4780: checking dependency style of gcc
configure:4870: result: gcc3
configure:4895: checking how to run the C preprocessor
configure:4930: gcc -E  conftest.c
configure:4936: $? = 0
configure:4968: gcc -E  conftest.c
conftest.c:11:28: error: ac_nonexistent.h: No such file or directory
configure:4974: $? = 1
configure: failed program was:
| /* confdefs.h.  */
| 
| #define PACKAGE_NAME ""
| #define PACKAGE_TARNAME ""
| #define PACKAGE_VERSION ""
| #define PACKAGE_STRING ""
| #define PACKAGE_BUGREPORT ""
| #define PACKAGE "AESDemo"
| #define VERSION "0.1"
| /* end confdefs.h.  */
| #include <ac_nonexistent.h>
configure:5013: result: gcc -E
configure:5037: gcc -E  conftest.c
configure:5043: $? = 0
configure:5075: gcc -E  conftest.c
conftest.c:11:28: error: ac_nonexistent.h: No such file or directory
configure:5081: $? = 1
configure: failed program was:
| /* confdefs.h.  */
| 
| #define PACKAGE_NAME ""
| #define PACKAGE_TARNAME ""
| #define PACKAGE_VERSION ""
| #define PACKAGE_STRING ""
| #define PACKAGE_BUGREPORT ""
| #define PACKAGE "AESDemo"
| #define VERSION "0.1"
| /* end confdefs.h.  */
| #include <ac_nonexistent.h>
configure:5125: checking for egrep
configure:5135: result: grep -E
configure:5140: checking for ANSI C header files
configure:5165: gcc -c -g -O2  conftest.c >&5
configure:5171: $? = 0
configure:5175: test -z 
			 || test ! -s conftest.err
configure:5178: $? = 0
configure:5181: test -s conftest.o
configure:5184: $? = 0
configure:5273: gcc -o conftest -g -O2   conftest.c  >&5
conftest.c: In function 'main':
conftest.c:28: warning: incompatible implicit declaration of built-in function 'exit'
configure:5276: $? = 0
configure:5278: ./conftest
configure:5281: $? = 0
configure:5296: result: yes
configure:5385: checking build system type
configure:5403: result: i686-pc-linux-gnu
configure:5411: checking host system type
configure:5425: result: i686-pc-linux-gnu
configure:5433: checking for a sed that does not truncate output
configure:5487: result: /bin/sed
configure:5501: checking for ld used by gcc
configure:5568: result: /usr/i686-pc-linux-gnu/bin/ld
configure:5577: checking if the linker (/usr/i686-pc-linux-gnu/bin/ld) is GNU ld
configure:5592: result: yes
configure:5597: checking for /usr/i686-pc-linux-gnu/bin/ld option to reload object files
configure:5604: result: -r
configure:5622: checking for BSD-compatible nm
configure:5671: result: /usr/bin/nm -B
configure:5675: checking whether ln -s works
configure:5679: result: yes
configure:5686: checking how to recognise dependent libraries
configure:5862: result: pass_all
configure:6107: checking for sys/types.h
configure:6123: gcc -c -g -O2  conftest.c >&5
configure:6129: $? = 0
configure:6133: test -z 
			 || test ! -s conftest.err
configure:6136: $? = 0
configure:6139: test -s conftest.o
configure:6142: $? = 0
configure:6153: result: yes
configure:6107: checking for sys/stat.h
configure:6123: gcc -c -g -O2  conftest.c >&5
configure:6129: $? = 0
configure:6133: test -z 
			 || test ! -s conftest.err
configure:6136: $? = 0
configure:6139: test -s conftest.o
configure:6142: $? = 0
configure:6153: result: yes
configure:6107: checking for stdlib.h
configure:6123: gcc -c -g -O2  conftest.c >&5
configure:6129: $? = 0
configure:6133: test -z 
			 || test ! -s conftest.err
configure:6136: $? = 0
configure:6139: test -s conftest.o
configure:6142: $? = 0
configure:6153: result: yes
configure:6107: checking for string.h
configure:6123: gcc -c -g -O2  conftest.c >&5
configure:6129: $? = 0
configure:6133: test -z 
			 || test ! -s conftest.err
configure:6136: $? = 0
configure:6139: test -s conftest.o
configure:6142: $? = 0
configure:6153: result: yes
configure:6107: checking for memory.h
configure:6123: gcc -c -g -O2  conftest.c >&5
configure:6129: $? = 0
configure:6133: test -z 
			 || test ! -s conftest.err
configure:6136: $? = 0
configure:6139: test -s conftest.o
configure:6142: $? = 0
configure:6153: result: yes
configure:6107: checking for strings.h
configure:6123: gcc -c -g -O2  conftest.c >&5
configure:6129: $? = 0
configure:6133: test -z 
			 || test ! -s conftest.err
configure:6136: $? = 0
configure:6139: test -s conftest.o
configure:6142: $? = 0
configure:6153: result: yes
configure:6107: checking for inttypes.h
configure:6123: gcc -c -g -O2  conftest.c >&5
configure:6129: $? = 0
configure:6133: test -z 
			 || test ! -s conftest.err
configure:6136: $? = 0
configure:6139: test -s conftest.o
configure:6142: $? = 0
configure:6153: result: yes
configure:6107: checking for stdint.h
configure:6123: gcc -c -g -O2  conftest.c >&5
configure:6129: $? = 0
configure:6133: test -z 
			 || test ! -s conftest.err
configure:6136: $? = 0
configure:6139: test -s conftest.o
configure:6142: $? = 0
configure:6153: result: yes
configure:6107: checking for unistd.h
configure:6123: gcc -c -g -O2  conftest.c >&5
configure:6129: $? = 0
configure:6133: test -z 
			 || test ! -s conftest.err
configure:6136: $? = 0
configure:6139: test -s conftest.o
configure:6142: $? = 0
configure:6153: result: yes
configure:6179: checking dlfcn.h usability
configure:6191: gcc -c -g -O2  conftest.c >&5
configure:6197: $? = 0
configure:6201: test -z 
			 || test ! -s conftest.err
configure:6204: $? = 0
configure:6207: test -s conftest.o
configure:6210: $? = 0
configure:6220: result: yes
configure:6224: checking dlfcn.h presence
configure:6234: gcc -E  conftest.c
configure:6240: $? = 0
configure:6260: result: yes
configure:6295: checking for dlfcn.h
configure:6302: result: yes
configure:6367: checking for g++
configure:6383: found /usr/bin/g++
configure:6393: result: g++
configure:6409: checking for C++ compiler version
configure:6412: g++ --version </dev/null >&5
g++ (Gentoo 4.4.4-r2 p1.2, pie-0.4.5) 4.4.4
Copyright (C) 2010 Free Software Foundation, Inc.
This is free software; see the source for copying conditions.  There is NO
warranty; not even for MERCHANTABILITY or FITNESS FOR A PARTICULAR PURPOSE.

configure:6415: $? = 0
configure:6417: g++ -v </dev/null >&5
Using built-in specs.
Target: i686-pc-linux-gnu
Configured with: /var/tmp/portage/sys-devel/gcc-4.4.4-r2/work/gcc-4.4.4/configure --prefix=/usr --bindir=/usr/i686-pc-linux-gnu/gcc-bin/4.4.4 --includedir=/usr/lib/gcc/i686-pc-linux-gnu/4.4.4/include --datadir=/usr/share/gcc-data/i686-pc-linux-gnu/4.4.4 --mandir=/usr/share/gcc-data/i686-pc-linux-gnu/4.4.4/man --infodir=/usr/share/gcc-data/i686-pc-linux-gnu/4.4.4/info --with-gxx-include-dir=/usr/lib/gcc/i686-pc-linux-gnu/4.4.4/include/g++-v4 --host=i686-pc-linux-gnu --build=i686-pc-linux-gnu --disable-altivec --disable-fixed-point --without-ppl --without-cloog --enable-nls --without-included-gettext --with-system-zlib --disable-werror --enable-secureplt --disable-multilib --enable-libmudflap --disable-libssp --enable-libgomp --enable-cld --with-python-dir=/share/gcc-data/i686-pc-linux-gnu/4.4.4/python --enable-checking=release --disable-libgcj --with-arch=i686 --enable-languages=c,c++,fortran --enable-shared --enable-threads=posix --enable-__cxa_atexit --enable-clocale=gnu --with-bugurl=http://bugs.gentoo.org/ --with-pkgversion='Gentoo 4.4.4-r2 p1.2, pie-0.4.5'
Thread model: posix
gcc version 4.4.4 (Gentoo 4.4.4-r2 p1.2, pie-0.4.5) 
configure:6420: $? = 0
configure:6422: g++ -V </dev/null >&5
g++: '-V' option must have argument
configure:6425: $? = 1
configure:6428: checking whether we are using the GNU C++ compiler
configure:6452: g++ -c   conftest.cc >&5
configure:6458: $? = 0
configure:6462: test -z 
			 || test ! -s conftest.err
configure:6465: $? = 0
configure:6468: test -s conftest.o
configure:6471: $? = 0
configure:6484: result: yes
configure:6490: checking whether g++ accepts -g
configure:6511: g++ -c -g  conftest.cc >&5
configure:6517: $? = 0
configure:6521: test -z 
			 || test ! -s conftest.err
configure:6524: $? = 0
configure:6527: test -s conftest.o
configure:6530: $? = 0
configure:6541: result: yes
configure:6583: g++ -c -g -O2  conftest.cc >&5
configure:6589: $? = 0
configure:6593: test -z 
			 || test ! -s conftest.err
configure:6596: $? = 0
configure:6599: test -s conftest.o
configure:6602: $? = 0
configure:6628: g++ -c -g -O2  conftest.cc >&5
conftest.cc: In function 'int main()':
conftest.cc:26: error: 'exit' was not declared in this scope
configure:6634: $? = 1
configure: failed program was:
| /* confdefs.h.  */
| 
| #define PACKAGE_NAME ""
| #define PACKAGE_TARNAME ""
| #define PACKAGE_VERSION ""
| #define PACKAGE_STRING ""
| #define PACKAGE_BUGREPORT ""
| #define PACKAGE "AESDemo"
| #define VERSION "0.1"
| #define STDC_HEADERS 1
| #define HAVE_SYS_TYPES_H 1
| #define HAVE_SYS_STAT_H 1
| #define HAVE_STDLIB_H 1
| #define HAVE_STRING_H 1
| #define HAVE_MEMORY_H 1
| #define HAVE_STRINGS_H 1
| #define HAVE_INTTYPES_H 1
| #define HAVE_STDINT_H 1
| #define HAVE_UNISTD_H 1
| #define HAVE_DLFCN_H 1
| /* end confdefs.h.  */
| 
| int
| main ()
| {
| exit (42);
|   ;
|   return 0;
| }
configure:6583: g++ -c -g -O2  conftest.cc >&5
conftest.cc:22: error: 'void std::exit(int)' should have been declared inside 'std'
configure:6589: $? = 1
configure: failed program was:
| /* confdefs.h.  */
| 
| #define PACKAGE_NAME ""
| #define PACKAGE_TARNAME ""
| #define PACKAGE_VERSION ""
| #define PACKAGE_STRING ""
| #define PACKAGE_BUGREPORT ""
| #define PACKAGE "AESDemo"
| #define VERSION "0.1"
| #define STDC_HEADERS 1
| #define HAVE_SYS_TYPES_H 1
| #define HAVE_SYS_STAT_H 1
| #define HAVE_STDLIB_H 1
| #define HAVE_STRING_H 1
| #define HAVE_MEMORY_H 1
| #define HAVE_STRINGS_H 1
| #define HAVE_INTTYPES_H 1
| #define HAVE_STDINT_H 1
| #define HAVE_UNISTD_H 1
| #define HAVE_DLFCN_H 1
| /* end confdefs.h.  */
| extern "C" void std::exit (int) throw (); using std::exit;
| #include <stdlib.h>
| int
| main ()
| {
| exit (42);
|   ;
|   return 0;
| }
configure:6583: g++ -c -g -O2  conftest.cc >&5
conftest.cc:22: error: 'void std::exit(int)' should have been declared inside 'std'
In file included from conftest.cc:23:
/usr/include/stdlib.h:544: error: declaration of 'void std::exit(int) throw ()' throws different exceptions
conftest.cc:22: error: from previous declaration 'void std::exit(int)'
configure:6589: $? = 1
configure: failed program was:
| /* confdefs.h.  */
| 
| #define PACKAGE_NAME ""
| #define PACKAGE_TARNAME ""
| #define PACKAGE_VERSION ""
| #define PACKAGE_STRING ""
| #define PACKAGE_BUGREPORT ""
| #define PACKAGE "AESDemo"
| #define VERSION "0.1"
| #define STDC_HEADERS 1
| #define HAVE_SYS_TYPES_H 1
| #define HAVE_SYS_STAT_H 1
| #define HAVE_STDLIB_H 1
| #define HAVE_STRING_H 1
| #define HAVE_MEMORY_H 1
| #define HAVE_STRINGS_H 1
| #define HAVE_INTTYPES_H 1
| #define HAVE_STDINT_H 1
| #define HAVE_UNISTD_H 1
| #define HAVE_DLFCN_H 1
| /* end confdefs.h.  */
| extern "C" void std::exit (int); using std::exit;
| #include <stdlib.h>
| int
| main ()
| {
| exit (42);
|   ;
|   return 0;
| }
configure:6583: g++ -c -g -O2  conftest.cc >&5
configure:6589: $? = 0
configure:6593: test -z 
			 || test ! -s conftest.err
configure:6596: $? = 0
configure:6599: test -s conftest.o
configure:6602: $? = 0
configure:6628: g++ -c -g -O2  conftest.cc >&5
configure:6634: $? = 0
configure:6638: test -z 
			 || test ! -s conftest.err
configure:6641: $? = 0
configure:6644: test -s conftest.o
configure:6647: $? = 0
configure:6672: checking dependency style of g++
configure:6762: result: gcc3
configure:6789: checking how to run the C++ preprocessor
configure:6820: g++ -E  conftest.cc
configure:6826: $? = 0
configure:6858: g++ -E  conftest.cc
conftest.cc:25:28: error: ac_nonexistent.h: No such file or directory
configure:6864: $? = 1
configure: failed program was:
| /* confdefs.h.  */
| 
| #define PACKAGE_NAME ""
| #define PACKAGE_TARNAME ""
| #define PACKAGE_VERSION ""
| #define PACKAGE_STRING ""
| #define PACKAGE_BUGREPORT ""
| #define PACKAGE "AESDemo"
| #define VERSION "0.1"
| #define STDC_HEADERS 1
| #define HAVE_SYS_TYPES_H 1
| #define HAVE_SYS_STAT_H 1
| #define HAVE_STDLIB_H 1
| #define HAVE_STRING_H 1
| #define HAVE_MEMORY_H 1
| #define HAVE_STRINGS_H 1
| #define HAVE_INTTYPES_H 1
| #define HAVE_STDINT_H 1
| #define HAVE_UNISTD_H 1
| #define HAVE_DLFCN_H 1
| #ifdef __cplusplus
| extern "C" void exit (int) throw ();
| #endif
| /* end confdefs.h.  */
| #include <ac_nonexistent.h>
configure:6903: result: g++ -E
configure:6927: g++ -E  conftest.cc
configure:6933: $? = 0
configure:6965: g++ -E  conftest.cc
conftest.cc:25:28: error: ac_nonexistent.h: No such file or directory
configure:6971: $? = 1
configure: failed program was:
| /* confdefs.h.  */
| 
| #define PACKAGE_NAME ""
| #define PACKAGE_TARNAME ""
| #define PACKAGE_VERSION ""
| #define PACKAGE_STRING ""
| #define PACKAGE_BUGREPORT ""
| #define PACKAGE "AESDemo"
| #define VERSION "0.1"
| #define STDC_HEADERS 1
| #define HAVE_SYS_TYPES_H 1
| #define HAVE_SYS_STAT_H 1
| #define HAVE_STDLIB_H 1
| #define HAVE_STRING_H 1
| #define HAVE_MEMORY_H 1
| #define HAVE_STRINGS_H 1
| #define HAVE_INTTYPES_H 1
| #define HAVE_STDINT_H 1
| #define HAVE_UNISTD_H 1
| #define HAVE_DLFCN_H 1
| #ifdef __cplusplus
| extern "C" void exit (int) throw ();
| #endif
| /* end confdefs.h.  */
| #include <ac_nonexistent.h>
configure:7068: checking for g77
configure:7097: result: no
configure:7068: checking for f77
configure:7097: result: no
configure:7068: checking for xlf
configure:7097: result: no
configure:7068: checking for frt
configure:7097: result: no
configure:7068: checking for pgf77
configure:7097: result: no
configure:7068: checking for fort77
configure:7097: result: no
configure:7068: checking for fl32
configure:7097: result: no
configure:7068: checking for af77
configure:7097: result: no
configure:7068: checking for f90
configure:7097: result: no
configure:7068: checking for xlf90
configure:7097: result: no
configure:7068: checking for pgf90
configure:7097: result: no
configure:7068: checking for epcf90
configure:7097: result: no
configure:7068: checking for f95
configure:7097: result: no
configure:7068: checking for fort
configure:7097: result: no
configure:7068: checking for xlf95
configure:7097: result: no
configure:7068: checking for ifc
configure:7097: result: no
configure:7068: checking for efc
configure:7097: result: no
configure:7068: checking for pgf95
configure:7097: result: no
configure:7068: checking for lf95
configure:7097: result: no
configure:7068: checking for gfortran
configure:7084: found /usr/bin/gfortran
configure:7094: result: gfortran
configure:7109: checking for Fortran 77 compiler version
configure:7112: gfortran --version </dev/null >&5
GNU Fortran (Gentoo 4.4.4-r2 p1.2, pie-0.4.5) 4.4.4
Copyright (C) 2010 Free Software Foundation, Inc.

GNU Fortran comes with NO WARRANTY, to the extent permitted by law.
You may redistribute copies of GNU Fortran
under the terms of the GNU General Public License.
For more information about these matters, see the file named COPYING

configure:7115: $? = 0
configure:7117: gfortran -v </dev/null >&5
Using built-in specs.
Target: i686-pc-linux-gnu
Configured with: /var/tmp/portage/sys-devel/gcc-4.4.4-r2/work/gcc-4.4.4/configure --prefix=/usr --bindir=/usr/i686-pc-linux-gnu/gcc-bin/4.4.4 --includedir=/usr/lib/gcc/i686-pc-linux-gnu/4.4.4/include --datadir=/usr/share/gcc-data/i686-pc-linux-gnu/4.4.4 --mandir=/usr/share/gcc-data/i686-pc-linux-gnu/4.4.4/man --infodir=/usr/share/gcc-data/i686-pc-linux-gnu/4.4.4/info --with-gxx-include-dir=/usr/lib/gcc/i686-pc-linux-gnu/4.4.4/include/g++-v4 --host=i686-pc-linux-gnu --build=i686-pc-linux-gnu --disable-altivec --disable-fixed-point --without-ppl --without-cloog --enable-nls --without-included-gettext --with-system-zlib --disable-werror --enable-secureplt --disable-multilib --enable-libmudflap --disable-libssp --enable-libgomp --enable-cld --with-python-dir=/share/gcc-data/i686-pc-linux-gnu/4.4.4/python --enable-checking=release --disable-libgcj --with-arch=i686 --enable-languages=c,c++,fortran --enable-shared --enable-threads=posix --enable-__cxa_atexit --enable-clocale=gnu --with-bugurl=http://bugs.gentoo.org/ --with-pkgversion='Gentoo 4.4.4-r2 p1.2, pie-0.4.5'
Thread model: posix
gcc version 4.4.4 (Gentoo 4.4.4-r2 p1.2, pie-0.4.5) 
configure:7120: $? = 0
configure:7122: gfortran -V </dev/null >&5
gfortran: '-V' option must have argument
configure:7125: $? = 1
configure:7133: checking whether we are using the GNU Fortran 77 compiler
configure:7147: gfortran -c  conftest.F >&5
configure:7153: $? = 0
configure:7157: test -z 
			 || test ! -s conftest.err
configure:7160: $? = 0
configure:7163: test -s conftest.o
configure:7166: $? = 0
configure:7179: result: yes
configure:7185: checking whether gfortran accepts -g
configure:7197: gfortran -c -g conftest.f >&5
configure:7203: $? = 0
configure:7207: test -z 
			 || test ! -s conftest.err
configure:7210: $? = 0
configure:7213: test -s conftest.o
configure:7216: $? = 0
configure:7228: result: yes
configure:7258: checking the maximum length of command line arguments
configure:7367: result: 32768
configure:7378: checking command to parse /usr/bin/nm -B output from gcc object
configure:7483: gcc -c -g -O2  conftest.c >&5
configure:7486: $? = 0
configure:7490: /usr/bin/nm -B conftest.o \| sed -n -e 's/^.*[ 	]\([ABCDGIRSTW][ABCDGIRSTW]*\)[ 	][ 	]*\([_A-Za-z][_A-Za-z0-9]*\)$/\1 \2 \2/p' \> conftest.nm
configure:7493: $? = 0
configure:7545: gcc -o conftest -g -O2   conftest.c conftstm.o >&5
configure:7548: $? = 0
configure:7586: result: ok
configure:7590: checking for objdir
configure:7605: result: .libs
configure:7695: checking for ar
configure:7711: found /usr/bin/ar
configure:7722: result: ar
configure:7775: checking for ranlib
configure:7791: found /usr/bin/ranlib
configure:7802: result: ranlib
configure:7855: checking for strip
configure:7871: found /usr/bin/strip
configure:7882: result: strip
configure:8154: checking if gcc supports -fno-rtti -fno-exceptions
configure:8172: gcc -c -g -O2  -fno-rtti -fno-exceptions conftest.c >&5
cc1: warning: command line option "-fno-rtti" is valid for C++/ObjC++ but not for C
configure:8176: $? = 0
configure:8189: result: no
configure:8204: checking for gcc option to produce PIC
configure:8414: result: -fPIC
configure:8422: checking if gcc PIC flag -fPIC works
configure:8440: gcc -c -g -O2  -fPIC -DPIC conftest.c >&5
configure:8444: $? = 0
configure:8457: result: yes
configure:8485: checking if gcc static flag -static works
configure:8513: result: yes
configure:8523: checking if gcc supports -c -o file.o
configure:8544: gcc -c -g -O2  -o out/conftest2.o conftest.c >&5
configure:8548: $? = 0
configure:8570: result: yes
configure:8596: checking whether the gcc linker (/usr/i686-pc-linux-gnu/bin/ld) supports shared libraries
configure:9554: result: yes
configure:9575: checking whether -lc should be explicitly linked in
configure:9580: gcc -c -g -O2  conftest.c >&5
configure:9583: $? = 0
configure:9598: gcc -shared conftest.o  -v -Wl,-soname -Wl,conftest -o conftest 2\>\&1 \| grep  -lc  \>/dev/null 2\>\&1
configure:9601: $? = 0
configure:9613: result: no
configure:9621: checking dynamic linker characteristics
configure:10230: result: GNU/Linux ld.so
configure:10239: checking how to hardcode library paths into programs
configure:10264: result: immediate
configure:10278: checking whether stripping libraries is possible
configure:10283: result: yes
configure:11117: checking if libtool supports shared libraries
configure:11119: result: yes
configure:11122: checking whether to build shared libraries
configure:11143: result: yes
configure:11146: checking whether to build static libraries
configure:11150: result: yes
configure:11242: creating libtool
configure:11830: checking for ld used by g++
configure:11897: result: /usr/i686-pc-linux-gnu/bin/ld
configure:11906: checking if the linker (/usr/i686-pc-linux-gnu/bin/ld) is GNU ld
configure:11921: result: yes
configure:11972: checking whether the g++ linker (/usr/i686-pc-linux-gnu/bin/ld) supports shared libraries
configure:12910: result: yes
configure:12928: g++ -c -g -O2  conftest.cpp >&5
configure:12931: $? = 0
configure:13050: checking for g++ option to produce PIC
configure:13324: result: -fPIC
configure:13332: checking if g++ PIC flag -fPIC works
configure:13350: g++ -c -g -O2  -fPIC -DPIC conftest.cpp >&5
configure:13354: $? = 0
configure:13367: result: yes
configure:13395: checking if g++ static flag -static works
configure:13423: result: yes
configure:13433: checking if g++ supports -c -o file.o
configure:13454: g++ -c -g -O2  -o out/conftest2.o conftest.cpp >&5
configure:13458: $? = 0
configure:13480: result: yes
configure:13506: checking whether the g++ linker (/usr/i686-pc-linux-gnu/bin/ld) supports shared libraries
configure:13531: result: yes
configure:13598: checking dynamic linker characteristics
configure:14207: result: GNU/Linux ld.so
configure:14216: checking how to hardcode library paths into programs
configure:14241: result: immediate
configure:14767: checking if libtool supports shared libraries
configure:14769: result: yes
configure:14772: checking whether to build shared libraries
configure:14792: result: yes
configure:14795: checking whether to build static libraries
configure:14799: result: yes
configure:14809: checking for gfortran option to produce PIC
configure:15019: result: -fPIC
configure:15027: checking if gfortran PIC flag -fPIC works
configure:15045: gfortran -c -g -O2 -fPIC conftest.f >&5
configure:15049: $? = 0
configure:15062: result: yes
configure:15090: checking if gfortran static flag -static works
configure:15118: result: yes
configure:15128: checking if gfortran supports -c -o file.o
configure:15149: gfortran -c -g -O2 -o out/conftest2.o conftest.f >&5
configure:15153: $? = 0
configure:15175: result: yes
configure:15201: checking whether the gfortran linker (/usr/i686-pc-linux-gnu/bin/ld) supports shared libraries
configure:16139: result: yes
configure:16206: checking dynamic linker characteristics
configure:16815: result: GNU/Linux ld.so
configure:16824: checking how to hardcode library paths into programs
configure:16849: result: immediate
configure:20482: checking for pkg-config
configure:20500: found /usr/bin/pkg-config
configure:20512: result: /usr/bin/pkg-config
configure:20527: checking pkg-config is at least version 0.9.0
configure:20530: result: yes
configure:20541: checking for PACKAGE
configure:20549: $PKG_CONFIG --exists --print-errors "libgnomeui-2.0 gtk+-2.0"
configure:20552: $? = 0
configure:20567: $PKG_CONFIG --exists --print-errors "libgnomeui-2.0 gtk+-2.0"
configure:20570: $? = 0
configure:20646: result: yes
configure:20857: creating ./config.status

## ---------------------- ##
## Running config.status. ##
## ---------------------- ##

This file was extended by config.status, which was
generated by GNU Autoconf 2.59.  Invocation command line was

  CONFIG_FILES    = 
  CONFIG_HEADERS  = 
  CONFIG_LINKS    = 
  CONFIG_COMMANDS = 
  $ ./config.status 

on Merlin

config.status:734: creating Makefile
config.status:734: creating src/Makefile
config.status:734: creating pixmaps/Makefile
config.status:734: creating AESDemo.desktop
config.status:838: creating config.h
config.status:958: config.h is unchanged
config.status:1138: executing depfiles commands

## ---------------- ##
## Cache variables. ##
## ---------------- ##

ac_cv_build=i686-pc-linux-gnu
ac_cv_build_alias=i686-pc-linux-gnu
ac_cv_c_compiler_gnu=yes
ac_cv_cxx_compiler_gnu=yes
ac_cv_env_CC_set=
ac_cv_env_CC_value=
ac_cv_env_CFLAGS_set=
ac_cv_env_CFLAGS_value=
ac_cv_env_CPPFLAGS_set=
ac_cv_env_CPPFLAGS_value=
ac_cv_env_CPP_set=
ac_cv_env_CPP_value=
ac_cv_env_CXXCPP_set=
ac_cv_env_CXXCPP_value=
ac_cv_env_CXXFLAGS_set=
ac_cv_env_CXXFLAGS_value=
ac_cv_env_CXX_set=
ac_cv_env_CXX_value=
ac_cv_env_F77_set=
ac_cv_env_F77_value=
ac_cv_env_FFLAGS_set=
ac_cv_env_FFLAGS_value=
ac_cv_env_LDFLAGS_set=
ac_cv_env_LDFLAGS_value=
ac_cv_env_PACKAGE_CFLAGS_set=
ac_cv_env_PACKAGE_CFLAGS_value=
ac_cv_env_PACKAGE_LIBS_set=
ac_cv_env_PACKAGE_LIBS_value=
ac_cv_env_PKG_CONFIG_set=
ac_cv_env_PKG_CONFIG_value=
ac_cv_env_build_alias_set=
ac_cv_env_build_alias_value=
ac_cv_env_host_alias_set=
ac_cv_env_host_alias_value=
ac_cv_env_target_alias_set=
ac_cv_env_target_alias_value=
ac_cv_exeext=
ac_cv_f77_compiler_gnu=yes
ac_cv_header_dlfcn_h=yes
ac_cv_header_inttypes_h=yes
ac_cv_header_memory_h=yes
ac_cv_header_stdc=yes
ac_cv_header_stdint_h=yes
ac_cv_header_stdlib_h=yes
ac_cv_header_string_h=yes
ac_cv_header_strings_h=yes
ac_cv_header_sys_stat_h=yes
ac_cv_header_sys_types_h=yes
ac_cv_header_unistd_h=yes
ac_cv_host=i686-pc-linux-gnu
ac_cv_host_alias=i686-pc-linux-gnu
ac_cv_objext=o
ac_cv_path_ac_pt_PKG_CONFIG=/usr/bin/pkg-config
ac_cv_path_install='/usr/bin/install -c'
ac_cv_prog_AWK=gawk
ac_cv_prog_CPP='gcc -E'
ac_cv_prog_CXXCPP='g++ -E'
ac_cv_prog_ac_ct_AR=ar
ac_cv_prog_ac_ct_CC=gcc
ac_cv_prog_ac_ct_CXX=g++
ac_cv_prog_ac_ct_F77=gfortran
ac_cv_prog_ac_ct_RANLIB=ranlib
ac_cv_prog_ac_ct_STRIP=strip
ac_cv_prog_cc_g=yes
ac_cv_prog_cc_stdc=
ac_cv_prog_cxx_g=yes
ac_cv_prog_egrep='grep -E'
ac_cv_prog_f77_g=yes
ac_cv_prog_make_make_set=yes
ac_cv_search_strerror='none required'
am_cv_CC_dependencies_compiler_type=gcc3
am_cv_CXX_dependencies_compiler_type=gcc3
am_cv_prog_cc_stdc=
lt_cv_deplibs_check_method=pass_all
lt_cv_file_magic_cmd='$MAGIC_CMD'
lt_cv_file_magic_test_file=
lt_cv_ld_reload_flag=-r
lt_cv_objdir=.libs
lt_cv_path_LD=/usr/i686-pc-linux-gnu/bin/ld
lt_cv_path_LDCXX=/usr/i686-pc-linux-gnu/bin/ld
lt_cv_path_NM='/usr/bin/nm -B'
lt_cv_path_SED=/bin/sed
lt_cv_prog_compiler_c_o=yes
lt_cv_prog_compiler_c_o_CXX=yes
lt_cv_prog_compiler_c_o_F77=yes
lt_cv_prog_compiler_rtti_exceptions=no
lt_cv_prog_gnu_ld=yes
lt_cv_prog_gnu_ldcxx=yes
lt_cv_sys_global_symbol_pipe='sed -n -e '\''s/^.*[ 	]\([ABCDGIRSTW][ABCDGIRSTW]*\)[ 	][ 	]*\([_A-Za-z][_A-Za-z0-9]*\)$/\1 \2 \2/p'\'''
lt_cv_sys_global_symbol_to_c_name_address='sed -n -e '\''s/^: \([^ ]*\) $/  {\"\1\", (lt_ptr) 0},/p'\'' -e '\''s/^[BCDEGRST] \([^ ]*\) \([^ ]*\)$/  {"\2", (lt_ptr) \&\2},/p'\'''
lt_cv_sys_global_symbol_to_cdecl='sed -n -e '\''s/^. .* \(.*\)$/extern int \1;/p'\'''
lt_cv_sys_max_cmd_len=32768
lt_lt_cv_prog_compiler_c_o='"yes"'
lt_lt_cv_prog_compiler_c_o_CXX='"yes"'
lt_lt_cv_prog_compiler_c_o_F77='"yes"'
lt_lt_cv_sys_global_symbol_pipe='"sed -n -e '\''s/^.*[ 	]\\([ABCDGIRSTW][ABCDGIRSTW]*\\)[ 	][ 	]*\\([_A-Za-z][_A-Za-z0-9]*\\)\$/\\1 \\2 \\2/p'\''"'
lt_lt_cv_sys_global_symbol_to_c_name_address='"sed -n -e '\''s/^: \\([^ ]*\\) \$/  {\\\"\\1\\\", (lt_ptr) 0},/p'\'' -e '\''s/^[BCDEGRST] \\([^ ]*\\) \\([^ ]*\\)\$/  {\"\\2\", (lt_ptr) \\&\\2},/p'\''"'
lt_lt_cv_sys_global_symbol_to_cdecl='"sed -n -e '\''s/^. .* \\(.*\\)\$/extern int \\1;/p'\''"'
pkg_cv_PACKAGE_CFLAGS='-DORBIT2=1 -pthread -I/usr/include/libgnomeui-2.0 -I/usr/include/libart-2.0 -I/usr/include/gconf/2 -I/usr/include/gnome-keyring-1 -I/usr/include/libgnome-2.0 -I/usr/include/libbonoboui-2.0 -I/usr/include/libgnomecanvas-2.0 -I/usr/include/gtk-2.0 -I/usr/include/gnome-vfs-2.0 -I/usr/lib/gnome-vfs-2.0/include -I/usr/include/orbit-2.0 -I/usr/include/dbus-1.0 -I/usr/lib/dbus-1.0/include -I/usr/include/glib-2.0 -I/usr/lib/glib-2.0/include -I/usr/include/libbonobo-2.0 -I/usr/include/bonobo-activation-2.0 -I/usr/include/libxml2 -I/usr/include/pango-1.0 -I/usr/include/gail-1.0 -I/usr/include/freetype2 -I/usr/include/atk-1.0 -I/usr/lib/gtk-2.0/include -I/usr/include/cairo -I/usr/include/pixman-1 -I/usr/include/libpng14 -I/usr/include/libdrm  '
pkg_cv_PACKAGE_LIBS='-pthread -lgnomeui-2 -lSM -lICE -lbonoboui-2 -lgnomevfs-2 -lgnomecanvas-2 -lgnome-2 -lpopt -lbonobo-2 -lbonobo-activation -lORBit-2 -lart_lgpl_2 -lgconf-2 -lgtk-x11-2.0 -lgdk-x11-2.0 -latk-1.0 -lgio-2.0 -lpangoft2-1.0 -lgdk_pixbuf-2.0 -lpangocairo-1.0 -lcairo -lpango-1.0 -lfreetype -lfontconfig -lgobject-2.0 -lgmodule-2.0 -lgthread-2.0 -lrt -lglib-2.0  '

## ----------------- ##
## Output variables. ##
## ----------------- ##

ACLOCAL='${SHELL} /home/inc/AES/PayLink/PCStuff/TestPrograms/AESDemo/missing --run aclocal-1.9'
AMDEPBACKSLASH='\'
AMDEP_FALSE='#'
AMDEP_TRUE=''
AMTAR='${SHELL} /home/inc/AES/PayLink/PCStuff/TestPrograms/AESDemo/missing --run tar'
AR='ar'
AUTOCONF='${SHELL} /home/inc/AES/PayLink/PCStuff/TestPrograms/AESDemo/missing --run autoconf'
AUTOHEADER='${SHELL} /home/inc/AES/PayLink/PCStuff/TestPrograms/AESDemo/missing --run autoheader'
AUTOMAKE='${SHELL} /home/inc/AES/PayLink/PCStuff/TestPrograms/AESDemo/missing --run automake-1.9'
AWK='gawk'
CC='gcc'
CCDEPMODE='depmode=gcc3'
CFLAGS='-g -O2'
CPP='gcc -E'
CPPFLAGS=''
CXX='g++'
CXXCPP='g++ -E'
CXXDEPMODE='depmode=gcc3'
CXXFLAGS='-g -O2'
CYGPATH_W='echo'
DEFS='-DHAVE_CONFIG_H'
DEPDIR='.deps'
ECHO='echo'
ECHO_C=''
ECHO_N='-n'
ECHO_T=''
EGREP='grep -E'
EXEEXT=''
F77='gfortran'
FFLAGS='-g -O2'
INSTALL_DATA='${INSTALL} -m 644'
INSTALL_PROGRAM='${INSTALL}'
INSTALL_SCRIPT='${INSTALL}'
INSTALL_STRIP_PROGRAM='${SHELL} $(install_sh) -c -s'
LDFLAGS=''
LIBOBJS=''
LIBS=''
LIBTOOL='$(SHELL) $(top_builddir)/libtool'
LN_S='ln -s'
LTLIBOBJS=''
MAINT='#'
MAINTAINER_MODE_FALSE=''
MAINTAINER_MODE_TRUE='#'
MAKEINFO='${SHELL} /home/inc/AES/PayLink/PCStuff/TestPrograms/AESDemo/missing --run makeinfo'
NO_PREFIX_PACKAGE_DATA_DIR='share'
NO_PREFIX_PACKAGE_DOC_DIR='doc/AESDemo'
NO_PREFIX_PACKAGE_HELP_DIR='share/gnome/help/AESDemo'
NO_PREFIX_PACKAGE_MENU_DIR='share/gnome/apps'
NO_PREFIX_PACKAGE_PIXMAPS_DIR='share/pixmaps/AESDemo'
OBJEXT='o'
PACKAGE='AESDemo'
PACKAGE_BUGREPORT=''
PACKAGE_CFLAGS='-DORBIT2=1 -pthread -I/usr/include/libgnomeui-2.0 -I/usr/include/libart-2.0 -I/usr/include/gconf/2 -I/usr/include/gnome-keyring-1 -I/usr/include/libgnome-2.0 -I/usr/include/libbonoboui-2.0 -I/usr/include/libgnomecanvas-2.0 -I/usr/include/gtk-2.0 -I/usr/include/gnome-vfs-2.0 -I/usr/lib/gnome-vfs-2.0/include -I/usr/include/orbit-2.0 -I/usr/include/dbus-1.0 -I/usr/lib/dbus-1.0/include -I/usr/include/glib-2.0 -I/usr/lib/glib-2.0/include -I/usr/include/libbonobo-2.0 -I/usr/include/bonobo-activation-2.0 -I/usr/include/libxml2 -I/usr/include/pango-1.0 -I/usr/include/gail-1.0 -I/usr/include/freetype2 -I/usr/include/atk-1.0 -I/usr/lib/gtk-2.0/include -I/usr/include/cairo -I/usr/include/pixman-1 -I/usr/include/libpng14 -I/usr/include/libdrm  '
PACKAGE_DATA_DIR='/usr/local/share'
PACKAGE_DOC_DIR='/usr/local/doc/AESDemo'
PACKAGE_HELP_DIR='/usr/local/share/gnome/help/AESDemo'
PACKAGE_LIBS='-pthread -lgnomeui-2 -lSM -lICE -lbonoboui-2 -lgnomevfs-2 -lgnomecanvas-2 -lgnome-2 -lpopt -lbonobo-2 -lbonobo-activation -lORBit-2 -lart_lgpl_2 -lgconf-2 -lgtk-x11-2.0 -lgdk-x11-2.0 -latk-1.0 -lgio-2.0 -lpangoft2-1.0 -lgdk_pixbuf-2.0 -lpangocairo-1.0 -lcairo -lpango-1.0 -lfreetype -lfontconfig -lgobject-2.0 -lgmodule-2.0 -lgthread-2.0 -lrt -lglib-2.0  '
PACKAGE_MENU_DIR='/usr/local/share/gnome/apps'
PACKAGE_NAME=''
PACKAGE_PIXMAPS_DIR='/usr/local/share/pixmaps/AESDemo'
PACKAGE_STRING=''
PACKAGE_TARNAME=''
PACKAGE_VERSION=''
PATH_SEPARATOR=':'
PKG_CONFIG='/usr/bin/pkg-config'
RANLIB='ranlib'
SET_MAKE=''
SHELL='/bin/sh'
STRIP='strip'
VERSION='0.1'
ac_ct_AR='ar'
ac_ct_CC='gcc'
ac_ct_CXX='g++'
ac_ct_F77='gfortran'
ac_ct_RANLIB='ranlib'
ac_ct_STRIP='strip'
ac_pt_PKG_CONFIG='/usr/bin/pkg-config'
am__fastdepCC_FALSE='#'
am__fastdepCC_TRUE=''
am__fastdepCXX_FALSE='#'
am__fastdepCXX_TRUE=''
am__include='include'
am__leading_dot='.'
am__quote=''
am__tar='${AMTAR} chof - "$$tardir"'
am__untar='${AMTAR} xf -'
bindir='${exec_prefix}/bin'
build='i686-pc-linux-gnu'
build_alias=''
build_cpu='i686'
build_os='linux-gnu'
build_vendor='pc'
datadir='${prefix}/share'
exec_prefix='${prefix}'
host='i686-pc-linux-gnu'
host_alias=''
host_cpu='i686'
host_os='linux-gnu'
host_vendor='pc'
includedir='${prefix}/include'
infodir='${prefix}/info'
install_sh='/home/inc/AES/PayLink/PCStuff/TestPrograms/AESDemo/install-sh'
libdir='${exec_prefix}/lib'
libexecdir='${exec_prefix}/libexec'
localstatedir='${prefix}/var'
mandir='${prefix}/man'
mkdir_p='mkdir -p --'
oldincludedir='/usr/include'
prefix='/usr/local'
program_transform_name='s,x,x,'
sbindir='${exec_prefix}/sbin'
sharedstatedir='${prefix}/com'
sysconfdir='${prefix}/etc'
target_alias=''

## ----------- ##
## confdefs.h. ##
## ----------- ##

#define HAVE_DLFCN_H 1
#define HAVE_INTTYPES_H 1
#define HAVE_MEMORY_H 1
#define HAVE_STDINT_H 1
#define HAVE_STDLIB_H 1
#define HAVE_STRINGS_H 1
#define HAVE_STRING_H 1
#define HAVE_SYS_STAT_H 1
#define HAVE_SYS_TYPES_H 1
#define HAVE_UNISTD_H 1
#define PACKAGE "AESDemo"
#define PACKAGE_BUGREPORT ""
#define PACKAGE_DATA_DIR "/usr/local/share"
#define PACKAGE_DOC_DIR "/usr/local/doc/AESDemo"
#define PACKAGE_HELP_DIR "/usr/local/share/gnome/help/AESDemo"
#define PACKAGE_MENU_DIR "/usr/local/share/gnome/apps"
#define PACKAGE_NAME ""
#define PACKAGE_PIXMAPS_DIR "/usr/local/share/pixmaps/AESDemo"
#define PACKAGE_SOURCE_DIR "/home/inc/AES/PayLink/PCStuff/TestPrograms/AESDemo"
#define PACKAGE_STRING ""
#define PACKAGE_TARNAME ""
#define PACKAGE_VERSION ""
#define STDC_HEADERS 1
#define VERSION "0.1"
#endif
#ifdef __cplusplus
extern "C" void exit (int) throw ();

configure: exit 0

## ---------------------- ##
## Running config.status. ##
## ---------------------- ##

This file was extended by config.status, which was
generated by GNU Autoconf 2.59.  Invocation command line was

  CONFIG_FILES    = 
  CONFIG_HEADERS  = 
  CONFIG_LINKS    = 
  CONFIG_COMMANDS = 
  $ ./config.status src/Makefile depfiles

on Linux

config.status:734: creating src/Makefile
config.status:1138: executing depfiles commands

## ---------------------- ##
## Running config.status. ##
## ---------------------- ##

This file was extended by config.status, which was
generated by GNU Autoconf 2.59.  Invocation command line was

  CONFIG_FILES    = 
  CONFIG_HEADERS  = 
  CONFIG_LINKS    = 
  CONFIG_COMMANDS = 
  $ ./config.status src/Makefile depfiles

on Linux

config.status:734: creating src/Makefile
config.status:1138: executing depfiles commands
